<?xml version="1.0" encoding="utf-8"?><testsuite errors="0" failures="0" name="pytest" skips="0" tests="10" time="0.780"><testcase classname="pytests.test_index" file="pytests/test_index.py" line="9" name="test_greenville_population" time="0.0008318424224853516"></testcase><testcase classname="pytests.test_index" file="pytests/test_index.py" line="12" name="test_greenville_area" time="0.0006928443908691406"></testcase><testcase classname="pytests.test_index" file="pytests/test_index.py" line="15" name="test_city_keys" time="0.0006759166717529297"></testcase><testcase classname="pytests.test_index" file="pytests/test_index.py" line="18" name="test_city_values" time="0.0007147789001464844"></testcase><testcase classname="pytests.test_index" file="pytests/test_index.py" line="21" name="test_salina" time="0.0006794929504394531"></testcase><testcase classname="pytests.test_index" file="pytests/test_index.py" line="24" name="test_los_cabos_pop" time="0.0006952285766601562"></testcase><testcase classname="pytests.test_index" file="pytests/test_index.py" line="27" name="test_city_count" time="0.0006785392761230469"></testcase><testcase classname="pytests.test_index" file="pytests/test_index.py" line="30" name="test_change_spelling" time="0.0006866455078125"></testcase><testcase classname="pytests.test_index" file="pytests/test_index.py" line="33" name="test_pyeongchang_keys" time="0.0007205009460449219"></testcase><testcase classname="pytests.test_index" file="pytests/test_index.py" line="37" name="test_pyeongchang_values" time="0.0006747245788574219"></testcase></testsuite>